# JRE version: Java(TM) SE Runtime Environment (8.0_251-b08) (build 1.8.0_251-b08)
# Java VM: Java HotSpot(TM) 64-Bit Server VM (25.251-b08 mixed mode windows-amd64 compressed oops)
Heap:
 PSYoungGen      total 164352K, used 44827K [0x0000000780a00000, 0x000000078b780000, 0x00000007c0000000)
  eden space 153088K, 29% used [0x0000000780a00000,0x00000007835c6ed0,0x0000000789f80000)
  from space 11264K, 0% used [0x000000078ab00000,0x000000078ab00000,0x000000078b600000)
  to   space 11776K, 0% used [0x0000000789f80000,0x0000000789f80000,0x000000078ab00000)
 ParOldGen       total 77312K, used 14781K [0x0000000701e00000, 0x0000000706980000, 0x0000000780a00000)
  object space 77312K, 19% used [0x0000000701e00000,0x0000000702c6f450,0x0000000706980000)
 Metaspace       used 37374K, capacity 39554K, committed 39680K, reserved 1083392K
  class space    used 4685K, capacity 5069K, committed 5120K, reserved 1048576K
GC Heap History (10 events):
Event: 5.481 GC heap before
{Heap before GC invocations=4 (full 0):
 PSYoungGen      total 57344K, used 37542K [0x0000000780a00000, 0x0000000787a00000, 0x00000007c0000000)
  eden space 49152K, 64% used [0x0000000780a00000,0x00000007828c6260,0x0000000783a00000)
  from space 8192K, 73% used [0x0000000783a00000,0x0000000783fe3718,0x0000000784200000)
  to   space 8192K, 0% used [0x0000000787200000,0x0000000787200000,0x0000000787a00000)
 ParOldGen       total 131072K, used 646K [0x0000000701e00000, 0x0000000709e00000, 0x0000000780a00000)
  object space 131072K, 0% used [0x0000000701e00000,0x0000000701ea1980,0x0000000709e00000)
 Metaspace       used 20458K, capacity 21144K, committed 21296K, reserved 1069056K
  class space    used 2527K, capacity 2706K, committed 2816K, reserved 1048576K
Event: 5.519 GC heap after
Heap after GC invocations=4 (full 0):
 PSYoungGen      total 106496K, used 7152K [0x0000000780a00000, 0x0000000787a00000, 0x00000007c0000000)
  eden space 98304K, 0% used [0x0000000780a00000,0x0000000780a00000,0x0000000786a00000)
  from space 8192K, 87% used [0x0000000787200000,0x00000007878fc220,0x0000000787a00000)
  to   space 8192K, 0% used [0x0000000786a00000,0x0000000786a00000,0x0000000787200000)
 ParOldGen       total 131072K, used 654K [0x0000000701e00000, 0x0000000709e00000, 0x0000000780a00000)
  object space 131072K, 0% used [0x0000000701e00000,0x0000000701ea3980,0x0000000709e00000)
 Metaspace       used 20458K, capacity 21144K, committed 21296K, reserved 1069056K
  class space    used 2527K, capacity 2706K, committed 2816K, reserved 1048576K
}
Event: 5.519 GC heap before
{Heap before GC invocations=5 (full 1):
 PSYoungGen      total 106496K, used 7152K [0x0000000780a00000, 0x0000000787a00000, 0x00000007c0000000)
  eden space 98304K, 0% used [0x0000000780a00000,0x0000000780a00000,0x0000000786a00000)
  from space 8192K, 87% used [0x0000000787200000,0x00000007878fc220,0x0000000787a00000)
  to   space 8192K, 0% used [0x0000000786a00000,0x0000000786a00000,0x0000000787200000)
 ParOldGen       total 131072K, used 654K [0x0000000701e00000, 0x0000000709e00000, 0x0000000780a00000)
  object space 131072K, 0% used [0x0000000701e00000,0x0000000701ea3980,0x0000000709e00000)
 Metaspace       used 20458K, capacity 21144K, committed 21296K, reserved 1069056K
  class space    used 2527K, capacity 2706K, committed 2816K, reserved 1048576K
Event: 5.593 GC heap after
Heap after GC invocations=5 (full 1):
 PSYoungGen      total 106496K, used 0K [0x0000000780a00000, 0x0000000787a00000, 0x00000007c0000000)
  eden space 98304K, 0% used [0x0000000780a00000,0x0000000780a00000,0x0000000786a00000)
  from space 8192K, 0% used [0x0000000787200000,0x0000000787200000,0x0000000787a00000)
  to   space 8192K, 0% used [0x0000000786a00000,0x0000000786a00000,0x0000000787200000)
 ParOldGen       total 77312K, used 7016K [0x0000000701e00000, 0x0000000706980000, 0x0000000780a00000)
  object space 77312K, 9% used [0x0000000701e00000,0x00000007024da1f8,0x0000000706980000)
 Metaspace       used 20458K, capacity 21144K, committed 21296K, reserved 1069056K
  class space    used 2527K, capacity 2706K, committed 2816K, reserved 1048576K
}
Event: 7.955 GC heap before
{Heap before GC invocations=6 (full 1):
 PSYoungGen      total 106496K, used 98304K [0x0000000780a00000, 0x0000000787a00000, 0x00000007c0000000)
  eden space 98304K, 100% used [0x0000000780a00000,0x0000000786a00000,0x0000000786a00000)
  from space 8192K, 0% used [0x0000000787200000,0x0000000787200000,0x0000000787a00000)
  to   space 8192K, 0% used [0x0000000786a00000,0x0000000786a00000,0x0000000787200000)
 ParOldGen       total 77312K, used 7016K [0x0000000701e00000, 0x0000000706980000, 0x0000000780a00000)
  object space 77312K, 9% used [0x0000000701e00000,0x00000007024da1f8,0x0000000706980000)
 Metaspace       used 28249K, capacity 29914K, committed 30080K, reserved 1075200K
  class space    used 3596K, capacity 3909K, committed 3968K, reserved 1048576K
Event: 7.975 GC heap after
Heap after GC invocations=6 (full 1):
 PSYoungGen      total 106496K, used 8164K [0x0000000780a00000, 0x000000078b600000, 0x00000007c0000000)
  eden space 98304K, 0% used [0x0000000780a00000,0x0000000780a00000,0x0000000786a00000)
  from space 8192K, 99% used [0x0000000786a00000,0x00000007871f93e0,0x0000000787200000)
  to   space 11264K, 0% used [0x000000078ab00000,0x000000078ab00000,0x000000078b600000)
 ParOldGen       total 77312K, used 9254K [0x0000000701e00000, 0x0000000706980000, 0x0000000780a00000)
  object space 77312K, 11% used [0x0000000701e00000,0x00000007027099e8,0x0000000706980000)
 Metaspace       used 28249K, capacity 29914K, committed 30080K, reserved 1075200K
  class space    used 3596K, capacity 3909K, committed 3968K, reserved 1048576K
}
Event: 9.109 GC heap before
{Heap before GC invocations=7 (full 1):
 PSYoungGen      total 106496K, used 79971K [0x0000000780a00000, 0x000000078b600000, 0x00000007c0000000)
  eden space 98304K, 73% used [0x0000000780a00000,0x000000078501fac0,0x0000000786a00000)
  from space 8192K, 99% used [0x0000000786a00000,0x00000007871f93e0,0x0000000787200000)
  to   space 11264K, 0% used [0x000000078ab00000,0x000000078ab00000,0x000000078b600000)
 ParOldGen       total 77312K, used 9254K [0x0000000701e00000, 0x0000000706980000, 0x0000000780a00000)
  object space 77312K, 11% used [0x0000000701e00000,0x00000007027099e8,0x0000000706980000)
 Metaspace       used 33426K, capacity 35350K, committed 35496K, reserved 1081344K
  class space    used 4202K, capacity 4551K, committed 4608K, reserved 1048576K
Event: 9.131 GC heap after
Heap after GC invocations=7 (full 1):
 PSYoungGen      total 164352K, used 10127K [0x0000000780a00000, 0x000000078b780000, 0x00000007c0000000)
  eden space 153088K, 0% used [0x0000000780a00000,0x0000000780a00000,0x0000000789f80000)
  from space 11264K, 89% used [0x000000078ab00000,0x000000078b4e3c18,0x000000078b600000)
  to   space 11776K, 0% used [0x0000000789f80000,0x0000000789f80000,0x000000078ab00000)
 ParOldGen       total 77312K, used 9262K [0x0000000701e00000, 0x0000000706980000, 0x0000000780a00000)
  object space 77312K, 11% used [0x0000000701e00000,0x000000070270b9e8,0x0000000706980000)
 Metaspace       used 33426K, capacity 35350K, committed 35496K, reserved 1081344K
  class space    used 4202K, capacity 4551K, committed 4608K, reserved 1048576K
}
Event: 9.131 GC heap before
{Heap before GC invocations=8 (full 2):
 PSYoungGen      total 164352K, used 10127K [0x0000000780a00000, 0x000000078b780000, 0x00000007c0000000)
  eden space 153088K, 0% used [0x0000000780a00000,0x0000000780a00000,0x0000000789f80000)
  from space 11264K, 89% used [0x000000078ab00000,0x000000078b4e3c18,0x000000078b600000)
  to   space 11776K, 0% used [0x0000000789f80000,0x0000000789f80000,0x000000078ab00000)
 ParOldGen       total 77312K, used 9262K [0x0000000701e00000, 0x0000000706980000, 0x0000000780a00000)
  object space 77312K, 11% used [0x0000000701e00000,0x000000070270b9e8,0x0000000706980000)
 Metaspace       used 33426K, capacity 35350K, committed 35496K, reserved 1081344K
  class space    used 4202K, capacity 4551K, committed 4608K, reserved 1048576K
Event: 9.224 GC heap after
Heap after GC invocations=8 (full 2):
 PSYoungGen      total 164352K, used 0K [0x0000000780a00000, 0x000000078b780000, 0x00000007c0000000)
  eden space 153088K, 0% used [0x0000000780a00000,0x0000000780a00000,0x0000000789f80000)
  from space 11264K, 0% used [0x000000078ab00000,0x000000078ab00000,0x000000078b600000)
  to   space 11776K, 0% used [0x0000000789f80000,0x0000000789f80000,0x000000078ab00000)
 ParOldGen       total 77312K, used 14781K [0x0000000701e00000, 0x0000000706980000, 0x0000000780a00000)
  object space 77312K, 19% used [0x0000000701e00000,0x0000000702c6f450,0x0000000706980000)
 Metaspace       used 33426K, capacity 35350K, committed 35496K, reserved 1081344K
  class space    used 4202K, capacity 4551K, committed 4608K, reserved 1048576K
}

